112.11.27 10:25 B D:\AGDWebsite\images\AGD_logo.png <-- AGD Homepage(STG) - 2003 /wwwroot/agd/images AGD_logo.png
112.11.27 10:25 B D:\AGDWebsite\images\AGD_logo.png_bk <-- AGD Homepage(STG) - 2003 /wwwroot/agd/images AGD_logo.png_bk
112.11.27 10:25 B D:\AGDWebsite\images\AGD_logo1.png <-- AGD Homepage(STG) - 2003 /wwwroot/agd/images AGD_logo1.png
112.11.27 10:25 B D:\AGDWebsite\images\agd_logobig.jpg <-- AGD Homepage(STG) - 2003 /wwwroot/agd/images agd_logobig.jpg
112.11.27 10:25 B D:\AGDWebsite\images\agd_logobig.jpg_bk <-- AGD Homepage(STG) - 2003 /wwwroot/agd/images agd_logobig.jpg_bk
112.11.27 10:25 B D:\AGDWebsite\images\agd_logobig1.jpg <-- AGD Homepage(STG) - 2003 /wwwroot/agd/images agd_logobig1.jpg
112.11.27 10:25 B D:\AGDWebsite\images\AGDcreatingaclassic.jpg <-- AGD Homepage(STG) - 2003 /wwwroot/agd/images AGDcreatingaclassic.jpg
112.11.27 10:25 B D:\AGDWebsite\images\AGDHome-20120618-agdmanagementretreat2012_03.jpg <-- AGD Homepage(STG) - 2003 /wwwroot/agd/images AGDHome-20120618-agdmanagementretreat2012_03.jpg
112.11.27 10:25 B D:\AGDWebsite\images\AGDHome-20120618-agdmanagementretreat2012_03.png <-- AGD Homepage(STG) - 2003 /wwwroot/agd/images AGDHome-20120618-agdmanagementretreat2012_03.png
112.11.27 10:25 B D:\AGDWebsite\images\AGDHome-20120618-agdmanagementretreat2012_05.png <-- AGD Homepage(STG) - 2003 /wwwroot/agd/images AGDHome-20120618-agdmanagementretreat2012_05.png
112.11.27 10:25 B D:\AGDWebsite\images\AGDHome-20120618-agdmanagementretreat2012_07.png <-- AGD Homepage(STG) - 2003 /wwwroot/agd/images AGDHome-20120618-agdmanagementretreat2012_07.png
112.11.27 10:25 B D:\AGDWebsite\images\AGDHome-20120618-agdmanagementretreat2012_09.png <-- AGD Homepage(STG) - 2003 /wwwroot/agd/images AGDHome-20120618-agdmanagementretreat2012_09.png
112.11.27 10:25 B D:\AGDWebsite\images\AGDHome-20120618-agdmanagementretreat2012_11.png <-- AGD Homepage(STG) - 2003 /wwwroot/agd/images AGDHome-20120618-agdmanagementretreat2012_11.png
112.11.27 10:25 B D:\AGDWebsite\images\AGDHome-20120618-cforoundtable_03.jpg <-- AGD Homepage(STG) - 2003 /wwwroot/agd/images AGDHome-20120618-cforoundtable_03.jpg
112.11.27 10:25 B D:\AGDWebsite\images\AGDHome-20120618-govfinanceaccounting_03.jpg <-- AGD Homepage(STG) - 2003 /wwwroot/agd/images AGDHome-20120618-govfinanceaccounting_03.jpg
112.11.27 10:25 B D:\AGDWebsite\images\AGDHome-20120618-internship_03.png <-- AGD Homepage(STG) - 2003 /wwwroot/agd/images AGDHome-20120618-internship_03.png
112.11.27 10:25 B D:\AGDWebsite\images\AGDHome-20120618-internship_06.png <-- AGD Homepage(STG) - 2003 /wwwroot/agd/images AGDHome-20120618-internship_06.png
112.11.27 10:25 B D:\AGDWebsite\images\AGDHome-20120618-internship_08.png <-- AGD Homepage(STG) - 2003 /wwwroot/agd/images AGDHome-20120618-internship_08.png
112.11.27 10:25 B D:\AGDWebsite\images\AGDHome-20120618-ntuauditacountingcomp2012_03.jpg <-- AGD Homepage(STG) - 2003 /wwwroot/agd/images AGDHome-20120618-ntuauditacountingcomp2012_03.jpg
112.11.27 10:25 B D:\AGDWebsite\images\AGDHome-20120618-ntuauditacountingcomp2012_06.png <-- AGD Homepage(STG) - 2003 /wwwroot/agd/images AGDHome-20120618-ntuauditacountingcomp2012_06.png
112.11.27 10:25 B D:\AGDWebsite\images\AGDHome-20120618-ntuauditacountingcomp2012_08.png <-- AGD Homepage(STG) - 2003 /wwwroot/agd/images AGDHome-20120618-ntuauditacountingcomp2012_08.png
112.11.27 10:25 B D:\AGDWebsite\images\AGDHome-20120618-nutnusnetwork_03.jpg <-- AGD Homepage(STG) - 2003 /wwwroot/agd/images AGDHome-20120618-nutnusnetwork_03.jpg
112.11.27 10:25 B D:\AGDWebsite\images\AGDHome-20120618-ouragdfamily_03.png <-- AGD Homepage(STG) - 2003 /wwwroot/agd/images AGDHome-20120618-ouragdfamily_03.png
112.11.27 10:25 B D:\AGDWebsite\images\AGDHome-20120618-ouragdfamily_06.png <-- AGD Homepage(STG) - 2003 /wwwroot/agd/images AGDHome-20120618-ouragdfamily_06.png
112.11.27 10:25 B D:\AGDWebsite\images\AGDHome-20120618-ouragdfamily_08.png <-- AGD Homepage(STG) - 2003 /wwwroot/agd/images AGDHome-20120618-ouragdfamily_08.png
112.11.27 10:25 B D:\AGDWebsite\images\AGDHome-20120618-ouragdfamily_10.png <-- AGD Homepage(STG) - 2003 /wwwroot/agd/images AGDHome-20120618-ouragdfamily_10.png
112.11.27 10:25 B D:\AGDWebsite\images\AGDHome-20120618-ouragdfamily_12.png <-- AGD Homepage(STG) - 2003 /wwwroot/agd/images AGDHome-20120618-ouragdfamily_12.png
112.11.27 10:26 B D:\AGDWebsite\images\AGDHome-20120618-ouragdfamily_14.png <-- AGD Homepage(STG) - 2003 /wwwroot/agd/images AGDHome-20120618-ouragdfamily_14.png
112.11.27 10:26 B D:\AGDWebsite\images\AGDHome-20120618-ourtestimonies_03.png <-- AGD Homepage(STG) - 2003 /wwwroot/agd/images AGDHome-20120618-ourtestimonies_03.png
112.11.27 10:26 B D:\AGDWebsite\images\AGDHome-20120618-ourtestimonies_06.png <-- AGD Homepage(STG) - 2003 /wwwroot/agd/images AGDHome-20120618-ourtestimonies_06.png
112.11.27 10:26 B D:\AGDWebsite\images\AGDHome-20120618-ourtestimonies_08.png <-- AGD Homepage(STG) - 2003 /wwwroot/agd/images AGDHome-20120618-ourtestimonies_08.png
112.11.27 10:26 B D:\AGDWebsite\images\AGDHome-20120618-ourtestimonies_10.png <-- AGD Homepage(STG) - 2003 /wwwroot/agd/images AGDHome-20120618-ourtestimonies_10.png
112.11.27 10:26 B D:\AGDWebsite\images\AGDHome-20120618-ourtestimonies_12.png <-- AGD Homepage(STG) - 2003 /wwwroot/agd/images AGDHome-20120618-ourtestimonies_12.png
112.11.27 10:26 B D:\AGDWebsite\images\AGDHome-20120618_03.png <-- AGD Homepage(STG) - 2003 /wwwroot/agd/images AGDHome-20120618_03.png
112.11.27 10:26 B D:\AGDWebsite\images\AGDHome-20120618_05.png <-- AGD Homepage(STG) - 2003 /wwwroot/agd/images AGDHome-20120618_05.png
112.11.27 10:26 B D:\AGDWebsite\images\AGDHome-20120618_09.png <-- AGD Homepage(STG) - 2003 /wwwroot/agd/images AGDHome-20120618_09.png
112.11.27 10:26 B D:\AGDWebsite\images\AGDHome-20120618_27.jpg <-- AGD Homepage(STG) - 2003 /wwwroot/agd/images AGDHome-20120618_27.jpg
112.11.27 10:26 B D:\AGDWebsite\images\AGDHome-movienight_03.png <-- AGD Homepage(STG) - 2003 /wwwroot/agd/images AGDHome-movienight_03.png
112.11.27 10:26 B D:\AGDWebsite\images\agdmanagementretreat-01.jpg <-- AGD Homepage(STG) - 2003 /wwwroot/agd/images agdmanagementretreat-01.jpg
112.11.27 10:26 B D:\AGDWebsite\images\agdmanagementretreat-02.jpg <-- AGD Homepage(STG) - 2003 /wwwroot/agd/images agdmanagementretreat-02.jpg
112.11.27 10:26 B D:\AGDWebsite\images\agdmanagementretreat-03.jpg <-- AGD Homepage(STG) - 2003 /wwwroot/agd/images agdmanagementretreat-03.jpg
112.11.27 10:26 B D:\AGDWebsite\images\agdmanagementretreat-04.jpg <-- AGD Homepage(STG) - 2003 /wwwroot/agd/images agdmanagementretreat-04.jpg
112.11.27 10:26 B D:\AGDWebsite\images\agdmanagementretreat-05.jpg <-- AGD Homepage(STG) - 2003 /wwwroot/agd/images agdmanagementretreat-05.jpg
112.11.27 10:26 B D:\AGDWebsite\images\ajax-loader.gif <-- AGD Homepage(STG) - 2003 /wwwroot/agd/images ajax-loader.gif
112.11.27 10:26 B D:\AGDWebsite\images\applynowbg.png <-- AGD Homepage(STG) - 2003 /wwwroot/agd/images applynowbg.png
112.11.27 10:26 B D:\AGDWebsite\images\awards_graph.jpeg <-- AGD Homepage(STG) - 2003 /wwwroot/agd/images awards_graph.jpeg
112.11.27 10:26 B D:\AGDWebsite\images\awards_graph.jpg <-- AGD Homepage(STG) - 2003 /wwwroot/agd/images awards_graph.jpg
112.11.27 10:26 B D:\AGDWebsite\images\banner_07.png <-- AGD Homepage(STG) - 2003 /wwwroot/agd/images banner_07.png
112.11.27 10:26 B D:\AGDWebsite\images\bg.png <-- AGD Homepage(STG) - 2003 /wwwroot/agd/images bg.png
112.11.27 10:26 B D:\AGDWebsite\images\bullet_sitemap.jpg <-- AGD Homepage(STG) - 2003 /wwwroot/agd/images bullet_sitemap.jpg
112.11.27 10:26 B D:\AGDWebsite\images\calculator.png <-- AGD Homepage(STG) - 2003 /wwwroot/agd/images calculator.png
112.11.27 10:26 B D:\AGDWebsite\images\chesspiece.png <-- AGD Homepage(STG) - 2003 /wwwroot/agd/images chesspiece.png
112.11.27 10:26 B D:\AGDWebsite\images\daniel.jpg <-- AGD Homepage(STG) - 2003 /wwwroot/agd/images daniel.jpg
112.11.27 10:26 B D:\AGDWebsite\images\department.jpg <-- AGD Homepage(STG) - 2003 /wwwroot/agd/images department.jpg
112.11.27 10:26 B D:\AGDWebsite\images\down_arrow.jpg <-- AGD Homepage(STG) - 2003 /wwwroot/agd/images down_arrow.jpg
112.11.27 10:26 B D:\AGDWebsite\images\download.jpg <-- AGD Homepage(STG) - 2003 /wwwroot/agd/images download.jpg
112.11.27 10:26 B D:\AGDWebsite\images\epayment.jpg <-- AGD Homepage(STG) - 2003 /wwwroot/agd/images epayment.jpg
112.11.27 10:26 B D:\AGDWebsite\images\esther_wee.jpg <-- AGD Homepage(STG) - 2003 /wwwroot/agd/images esther_wee.jpg
112.11.27 10:26 B D:\AGDWebsite\images\events_overview_image4.png <-- AGD Homepage(STG) - 2003 /wwwroot/agd/images events_overview_image4.png
112.11.27 10:26 B D:\AGDWebsite\images\events_overview_image5.png <-- AGD Homepage(STG) - 2003 /wwwroot/agd/images events_overview_image5.png
112.11.27 10:26 B D:\AGDWebsite\images\events_overview_image6.png <-- AGD Homepage(STG) - 2003 /wwwroot/agd/images events_overview_image6.png
112.11.27 10:26 B D:\AGDWebsite\images\events_overview_image7.png <-- AGD Homepage(STG) - 2003 /wwwroot/agd/images events_overview_image7.png
112.11.27 10:26 B D:\AGDWebsite\images\fb_icon.png <-- AGD Homepage(STG) - 2003 /wwwroot/agd/images fb_icon.png
112.11.27 10:26 B D:\AGDWebsite\images\fb_icon_old.png <-- AGD Homepage(STG) - 2003 /wwwroot/agd/images fb_icon_old.png
112.11.27 10:26 B D:\AGDWebsite\images\hilda.jpg <-- AGD Homepage(STG) - 2003 /wwwroot/agd/images hilda.jpg
112.11.27 10:26 B D:\AGDWebsite\images\himage4.jpg <-- AGD Homepage(STG) - 2003 /wwwroot/agd/images himage4.jpg
112.11.27 10:26 B D:\AGDWebsite\images\home_icon.png <-- AGD Homepage(STG) - 2003 /wwwroot/agd/images home_icon.png
112.11.27 10:26 B D:\AGDWebsite\images\icite.png <-- AGD Homepage(STG) - 2003 /wwwroot/agd/images icite.png
112.11.27 10:26 B D:\AGDWebsite\images\image2.jpg <-- AGD Homepage(STG) - 2003 /wwwroot/agd/images image2.jpg
112.11.27 10:26 B D:\AGDWebsite\images\image2_old.jpg <-- AGD Homepage(STG) - 2003 /wwwroot/agd/images image2_old.jpg
112.11.27 10:26 B D:\AGDWebsite\images\image3.jpg <-- AGD Homepage(STG) - 2003 /wwwroot/agd/images image3.jpg
112.11.27 10:26 B D:\AGDWebsite\images\image4.jpg <-- AGD Homepage(STG) - 2003 /wwwroot/agd/images image4.jpg
112.11.27 10:26 B D:\AGDWebsite\images\internalauditroundtable-thumb-01.jpg <-- AGD Homepage(STG) - 2003 /wwwroot/agd/images internalauditroundtable-thumb-01.jpg
112.11.27 10:26 B D:\AGDWebsite\images\internalauditroundtable-thumb-02.jpg <-- AGD Homepage(STG) - 2003 /wwwroot/agd/images internalauditroundtable-thumb-02.jpg
112.11.27 10:26 B D:\AGDWebsite\images\Internalauditroundtable.jpg <-- AGD Homepage(STG) - 2003 /wwwroot/agd/images Internalauditroundtable.jpg
112.11.27 10:26 B D:\AGDWebsite\images\internalauditroundtableforum-01.jpg <-- AGD Homepage(STG) - 2003 /wwwroot/agd/images internalauditroundtableforum-01.jpg
112.11.27 10:26 B D:\AGDWebsite\images\internalauditroundtableforum-02.jpg <-- AGD Homepage(STG) - 2003 /wwwroot/agd/images internalauditroundtableforum-02.jpg
112.11.27 10:26 B D:\AGDWebsite\images\jet.jpg <-- AGD Homepage(STG) - 2003 /wwwroot/agd/images jet.jpg
112.11.27 10:26 B D:\AGDWebsite\images\leftmenu_bullet.jpg <-- AGD Homepage(STG) - 2003 /wwwroot/agd/images leftmenu_bullet.jpg
112.11.27 10:26 B D:\AGDWebsite\images\leftmenu_bulletselected.jpg <-- AGD Homepage(STG) - 2003 /wwwroot/agd/images leftmenu_bulletselected.jpg
112.11.27 10:26 B D:\AGDWebsite\images\leftmenu_bulletsmall.jpg <-- AGD Homepage(STG) - 2003 /wwwroot/agd/images leftmenu_bulletsmall.jpg
112.11.27 10:26 B D:\AGDWebsite\images\leftmenu_bulletsmallselected.jpg <-- AGD Homepage(STG) - 2003 /wwwroot/agd/images leftmenu_bulletsmallselected.jpg
112.11.27 10:26 B D:\AGDWebsite\images\lengleng.jpg <-- AGD Homepage(STG) - 2003 /wwwroot/agd/images lengleng.jpg
112.11.27 10:26 B D:\AGDWebsite\images\Line.jpg <-- AGD Homepage(STG) - 2003 /wwwroot/agd/images Line.jpg
112.11.27 10:26 B D:\AGDWebsite\images\mbsgov.jpg <-- AGD Homepage(STG) - 2003 /wwwroot/agd/images mbsgov.jpg
112.11.27 10:26 B D:\AGDWebsite\images\menu_bg.jpg <-- AGD Homepage(STG) - 2003 /wwwroot/agd/images menu_bg.jpg
112.11.27 10:26 B D:\AGDWebsite\images\menu_selected.jpg <-- AGD Homepage(STG) - 2003 /wwwroot/agd/images menu_selected.jpg
112.11.27 10:26 B D:\AGDWebsite\images\nav-carousel-bg.png <-- AGD Homepage(STG) - 2003 /wwwroot/agd/images nav-carousel-bg.png
112.11.27 10:26 B D:\AGDWebsite\images\ntuauditaccountingcomp-thumb-01.jpg <-- AGD Homepage(STG) - 2003 /wwwroot/agd/images ntuauditaccountingcomp-thumb-01.jpg
112.11.27 10:26 B D:\AGDWebsite\images\ntuauditaccountingcomp-thumb-02.jpg <-- AGD Homepage(STG) - 2003 /wwwroot/agd/images ntuauditaccountingcomp-thumb-02.jpg
112.11.27 10:26 B D:\AGDWebsite\images\ntuauditaccountingcomp-thumb-03.jpg <-- AGD Homepage(STG) - 2003 /wwwroot/agd/images ntuauditaccountingcomp-thumb-03.jpg
112.11.27 10:26 B D:\AGDWebsite\images\Ntuauditandaccounting-01.jpg <-- AGD Homepage(STG) - 2003 /wwwroot/agd/images Ntuauditandaccounting-01.jpg
112.11.27 10:26 B D:\AGDWebsite\images\Ntuauditandaccounting-02.jpg <-- AGD Homepage(STG) - 2003 /wwwroot/agd/images Ntuauditandaccounting-02.jpg
112.11.27 10:26 B D:\AGDWebsite\images\Ntuauditandaccounting-03.jpg <-- AGD Homepage(STG) - 2003 /wwwroot/agd/images Ntuauditandaccounting-03.jpg
112.11.27 10:26 B D:\AGDWebsite\images\overview_assurance.jpg <-- AGD Homepage(STG) - 2003 /wwwroot/agd/images overview_assurance.jpg
112.11.27 10:26 B D:\AGDWebsite\images\overview_financialadmin.jpeg <-- AGD Homepage(STG) - 2003 /wwwroot/agd/images overview_financialadmin.jpeg
112.11.27 10:26 B D:\AGDWebsite\images\overview_financialadmin.jpg <-- AGD Homepage(STG) - 2003 /wwwroot/agd/images overview_financialadmin.jpg
112.11.27 10:26 B D:\AGDWebsite\images\overview_financialmanagement.jpg <-- AGD Homepage(STG) - 2003 /wwwroot/agd/images overview_financialmanagement.jpg
112.11.27 10:26 B D:\AGDWebsite\images\overview_treasury.jpg <-- AGD Homepage(STG) - 2003 /wwwroot/agd/images overview_treasury.jpg
112.11.27 10:26 B D:\AGDWebsite\images\paintbrush.jpg <-- AGD Homepage(STG) - 2003 /wwwroot/agd/images paintbrush.jpg
112.11.27 10:26 B D:\AGDWebsite\images\pencil.png <-- AGD Homepage(STG) - 2003 /wwwroot/agd/images pencil.png
112.11.27 10:26 B D:\AGDWebsite\images\popup_03.png <-- AGD Homepage(STG) - 2003 /wwwroot/agd/images popup_03.png
112.11.27 10:26 B D:\AGDWebsite\images\qualitypolicy1.jpg <-- AGD Homepage(STG) - 2003 /wwwroot/agd/images qualitypolicy1.jpg
112.11.27 10:26 B D:\AGDWebsite\images\qualitypolicy2.jpg <-- AGD Homepage(STG) - 2003 /wwwroot/agd/images qualitypolicy2.jpg
112.11.27 10:26 B D:\AGDWebsite\images\qualitypolicy3.jpg <-- AGD Homepage(STG) - 2003 /wwwroot/agd/images qualitypolicy3.jpg
112.11.27 10:26 B D:\AGDWebsite\images\role.jpg <-- AGD Homepage(STG) - 2003 /wwwroot/agd/images role.jpg
112.11.27 10:26 B D:\AGDWebsite\images\search_dropdown.jpg <-- AGD Homepage(STG) - 2003 /wwwroot/agd/images search_dropdown.jpg
112.11.27 10:26 B D:\AGDWebsite\images\search_go.jpg <-- AGD Homepage(STG) - 2003 /wwwroot/agd/images search_go.jpg
112.11.27 10:26 B D:\AGDWebsite\images\search_textbox.jpg <-- AGD Homepage(STG) - 2003 /wwwroot/agd/images search_textbox.jpg
112.11.27 10:26 B D:\AGDWebsite\images\sglionhead.png <-- AGD Homepage(STG) - 2003 /wwwroot/agd/images sglionhead.png
112.11.27 10:26 B D:\AGDWebsite\images\shoes.png <-- AGD Homepage(STG) - 2003 /wwwroot/agd/images shoes.png
112.11.27 10:26 B D:\AGDWebsite\images\siteoption_bg.jpg <-- AGD Homepage(STG) - 2003 /wwwroot/agd/images siteoption_bg.jpg
112.11.27 10:26 B D:\AGDWebsite\images\social_fb.png <-- AGD Homepage(STG) - 2003 /wwwroot/agd/images social_fb.png
112.11.27 10:26 B D:\AGDWebsite\images\social_flkr.png <-- AGD Homepage(STG) - 2003 /wwwroot/agd/images social_flkr.png
112.11.27 10:26 B D:\AGDWebsite\images\social_mail.png <-- AGD Homepage(STG) - 2003 /wwwroot/agd/images social_mail.png
112.11.27 10:26 B D:\AGDWebsite\images\social_twitter.png <-- AGD Homepage(STG) - 2003 /wwwroot/agd/images social_twitter.png
112.11.27 10:26 B D:\AGDWebsite\images\social_youtube.png <-- AGD Homepage(STG) - 2003 /wwwroot/agd/images social_youtube.png
112.11.27 10:26 B D:\AGDWebsite\images\statutoryboard.jpg <-- AGD Homepage(STG) - 2003 /wwwroot/agd/images statutoryboard.jpg
112.11.27 10:26 B D:\AGDWebsite\images\suyin.jpg <-- AGD Homepage(STG) - 2003 /wwwroot/agd/images suyin.jpg
112.11.27 10:26 B D:\AGDWebsite\images\thomas.jpg <-- AGD Homepage(STG) - 2003 /wwwroot/agd/images thomas.jpg
112.11.27 10:26 B D:\AGDWebsite\images\Thumbs.db <-- AGD Homepage(STG) - 2003 /wwwroot/agd/images Thumbs.db
112.11.27 10:26 B D:\AGDWebsite\images\up_arrow.jpg <-- AGD Homepage(STG) - 2003 /wwwroot/agd/images up_arrow.jpg
112.11.27 10:26 B D:\AGDWebsite\images\vendorsgov.jpg <-- AGD Homepage(STG) - 2003 /wwwroot/agd/images vendorsgov.jpg
112.11.27 10:26 B D:\AGDWebsite\images\video1.jpg <-- AGD Homepage(STG) - 2003 /wwwroot/agd/images video1.jpg
112.11.27 10:26 B D:\AGDWebsite\images\video2.jpg <-- AGD Homepage(STG) - 2003 /wwwroot/agd/images video2.jpg
112.11.27 10:26 B D:\AGDWebsite\images\xiangying.jpg <-- AGD Homepage(STG) - 2003 /wwwroot/agd/images xiangying.jpg
