112.11.27 10:24 B D:\AGDWebsite\images\banners\1eInvoice_24.png <-- AGD Homepage(STG) - 2003 /wwwroot/agd/images/banners 1eInvoice_24.png
112.11.27 10:24 B D:\AGDWebsite\images\banners\1envoice.jpg <-- AGD Homepage(STG) - 2003 /wwwroot/agd/images/banners 1envoice.jpg
112.11.27 10:24 B D:\AGDWebsite\images\banners\1envoice.png <-- AGD Homepage(STG) - 2003 /wwwroot/agd/images/banners 1envoice.png
112.11.27 10:24 B D:\AGDWebsite\images\banners\4DA.jpg <-- AGD Homepage(STG) - 2003 /wwwroot/agd/images/banners 4DA.jpg
112.11.27 10:24 B D:\AGDWebsite\images\banners\4DA.png <-- AGD Homepage(STG) - 2003 /wwwroot/agd/images/banners 4DA.png
112.11.27 10:24 B D:\AGDWebsite\images\banners\banner-bg.png <-- AGD Homepage(STG) - 2003 /wwwroot/agd/images/banners banner-bg.png
112.11.27 10:24 B D:\AGDWebsite\images\banners\banner_details_bg.png <-- AGD Homepage(STG) - 2003 /wwwroot/agd/images/banners banner_details_bg.png
112.11.27 10:24 B D:\AGDWebsite\images\banners\banners-side-bg.png <-- AGD Homepage(STG) - 2003 /wwwroot/agd/images/banners banners-side-bg.png
112.11.27 10:24 B D:\AGDWebsite\images\banners\bluebox.jpg <-- AGD Homepage(STG) - 2003 /wwwroot/agd/images/banners bluebox.jpg
112.11.27 10:24 B D:\AGDWebsite\images\banners\border_bottom_03.png <-- AGD Homepage(STG) - 2003 /wwwroot/agd/images/banners border_bottom_03.png
112.11.27 10:24 B D:\AGDWebsite\images\banners\CLM.jpg <-- AGD Homepage(STG) - 2003 /wwwroot/agd/images/banners CLM.jpg
112.11.27 10:24 B D:\AGDWebsite\images\banners\CLM.png <-- AGD Homepage(STG) - 2003 /wwwroot/agd/images/banners CLM.png
112.11.27 10:24 B D:\AGDWebsite\images\banners\department.jpg <-- AGD Homepage(STG) - 2003 /wwwroot/agd/images/banners department.jpg
112.11.27 10:24 B D:\AGDWebsite\images\banners\invoice_03.png <-- AGD Homepage(STG) - 2003 /wwwroot/agd/images/banners invoice_03.png
112.11.27 10:24 B D:\AGDWebsite\images\banners\management.png <-- AGD Homepage(STG) - 2003 /wwwroot/agd/images/banners management.png
112.11.27 10:24 B D:\AGDWebsite\images\banners\management2.png <-- AGD Homepage(STG) - 2003 /wwwroot/agd/images/banners management2.png
112.11.27 10:24 B D:\AGDWebsite\images\banners\MBS-Gov.jpg <-- AGD Homepage(STG) - 2003 /wwwroot/agd/images/banners MBS-Gov.jpg
112.11.27 10:24 B D:\AGDWebsite\images\banners\MBS-Gov.png <-- AGD Homepage(STG) - 2003 /wwwroot/agd/images/banners MBS-Gov.png
112.11.27 10:24 B D:\AGDWebsite\images\banners\mbs_03.png <-- AGD Homepage(STG) - 2003 /wwwroot/agd/images/banners mbs_03.png
112.11.27 10:24 B D:\AGDWebsite\images\banners\moneyplant.png <-- AGD Homepage(STG) - 2003 /wwwroot/agd/images/banners moneyplant.png
112.11.27 10:24 B D:\AGDWebsite\images\banners\moneyplant_24.png <-- AGD Homepage(STG) - 2003 /wwwroot/agd/images/banners moneyplant_24.png
112.11.27 10:24 B D:\AGDWebsite\images\banners\nav_bg.png <-- AGD Homepage(STG) - 2003 /wwwroot/agd/images/banners nav_bg.png
112.11.27 10:24 B D:\AGDWebsite\images\banners\PDR.jpg <-- AGD Homepage(STG) - 2003 /wwwroot/agd/images/banners PDR.jpg
112.11.27 10:24 B D:\AGDWebsite\images\banners\PDR.png <-- AGD Homepage(STG) - 2003 /wwwroot/agd/images/banners PDR.png
112.11.27 10:24 B D:\AGDWebsite\images\banners\pdr_03.png <-- AGD Homepage(STG) - 2003 /wwwroot/agd/images/banners pdr_03.png
112.11.27 10:24 B D:\AGDWebsite\images\banners\pdr_24.png <-- AGD Homepage(STG) - 2003 /wwwroot/agd/images/banners pdr_24.png
112.11.27 10:24 B D:\AGDWebsite\images\banners\piggy_03.png <-- AGD Homepage(STG) - 2003 /wwwroot/agd/images/banners piggy_03.png
112.11.27 10:24 B D:\AGDWebsite\images\banners\piggy_24.png <-- AGD Homepage(STG) - 2003 /wwwroot/agd/images/banners piggy_24.png
112.11.27 10:24 B D:\AGDWebsite\images\banners\savings.jpg <-- AGD Homepage(STG) - 2003 /wwwroot/agd/images/banners savings.jpg
112.11.27 10:24 B D:\AGDWebsite\images\banners\savings.png <-- AGD Homepage(STG) - 2003 /wwwroot/agd/images/banners savings.png
112.11.27 10:24 B D:\AGDWebsite\images\banners\stetoscope_24.png <-- AGD Homepage(STG) - 2003 /wwwroot/agd/images/banners stetoscope_24.png
112.11.27 10:24 B D:\AGDWebsite\images\banners\Thumbs.db <-- AGD Homepage(STG) - 2003 /wwwroot/agd/images/banners Thumbs.db
